<?xml version="1.0" encoding="UTF-8"?>
<testsuite name="com.heartrate.shared.presentation.viewmodel.HeartRateViewModelTest" tests="1" skipped="0" failures="0" errors="0" timestamp="2026-03-06T17:56:39.811Z" hostname="LAPTOP-N9BVR7S8" time="0.146">
  <properties/>
  <testcase name="startBLE updates connection status" classname="com.heartrate.shared.presentation.viewmodel.HeartRateViewModelTest" time="0.146"/>
  <system-out><![CDATA[]]></system-out>
  <system-err><![CDATA[]]></system-err>
</testsuite>
